# JRE version: Java(TM) SE Runtime Environment (17.0.5+9) (build 17.0.5+9-LTS-191)
# Java VM: Java HotSpot(TM) 64-Bit Server VM (17.0.5+9-LTS-191, mixed mode, sharing, tiered, compressed oops, compressed class ptrs, g1 gc, windows-amd64)
GC Precious Log:
 CPUs: 2 total, 2 available
 Memory: 8061M
 Large Page Support: Disabled
 NUMA Support: Disabled
 Compressed Oops: Enabled (32-bit)
 Heap Region Size: 1M
 Heap Min Capacity: 8M
 Heap Initial Capacity: 126M
 Heap Max Capacity: 2016M
 Pre-touch: Disabled
 Parallel Workers: 2
 Concurrent Workers: 1
 Concurrent Refinement Workers: 2
 Periodic GC: Disabled
Heap:
 garbage-first heap   total 126976K, used 52945K [0x0000000082000000, 0x0000000100000000)
  region size 1024K, 7 young (7168K), 6 survivors (6144K)
 Metaspace       used 55345K, committed 55680K, reserved 1097728K
  class space    used 6543K, committed 6720K, reserved 1048576K
GC Heap History (20 events):
Event: 15.341 GC heap before
{Heap before GC invocations=15 (full 0):
 garbage-first heap   total 52224K, used 41256K [0x0000000082000000, 0x0000000100000000)
  region size 1024K, 14 young (14336K), 2 survivors (2048K)
 Metaspace       used 43770K, committed 44032K, reserved 1089536K
  class space    used 5503K, committed 5632K, reserved 1048576K
}
Event: 15.345 GC heap after
{Heap after GC invocations=16 (full 0):
 garbage-first heap   total 52224K, used 30356K [0x0000000082000000, 0x0000000100000000)
  region size 1024K, 2 young (2048K), 2 survivors (2048K)
 Metaspace       used 43770K, committed 44032K, reserved 1089536K
  class space    used 5503K, committed 5632K, reserved 1048576K
}
Event: 15.348 GC heap before
{Heap before GC invocations=16 (full 0):
 garbage-first heap   total 52224K, used 31380K [0x0000000082000000, 0x0000000100000000)
  region size 1024K, 3 young (3072K), 2 survivors (2048K)
 Metaspace       used 43770K, committed 44032K, reserved 1089536K
  class space    used 5503K, committed 5632K, reserved 1048576K
}
Event: 15.356 GC heap after
{Heap after GC invocations=17 (full 0):
 garbage-first heap   total 52224K, used 30833K [0x0000000082000000, 0x0000000100000000)
  region size 1024K, 1 young (1024K), 1 survivors (1024K)
 Metaspace       used 43770K, committed 44032K, reserved 1089536K
  class space    used 5503K, committed 5632K, reserved 1048576K
}
Event: 15.592 GC heap before
{Heap before GC invocations=17 (full 0):
 garbage-first heap   total 52224K, used 40049K [0x0000000082000000, 0x0000000100000000)
  region size 1024K, 10 young (10240K), 1 survivors (1024K)
 Metaspace       used 43802K, committed 44032K, reserved 1089536K
  class space    used 5503K, committed 5632K, reserved 1048576K
}
Event: 15.597 GC heap after
{Heap after GC invocations=18 (full 0):
 garbage-first heap   total 52224K, used 32768K [0x0000000082000000, 0x0000000100000000)
  region size 1024K, 2 young (2048K), 2 survivors (2048K)
 Metaspace       used 43802K, committed 44032K, reserved 1089536K
  class space    used 5503K, committed 5632K, reserved 1048576K
}
Event: 16.327 GC heap before
{Heap before GC invocations=19 (full 0):
 garbage-first heap   total 56320K, used 39936K [0x0000000082000000, 0x0000000100000000)
  region size 1024K, 10 young (10240K), 2 survivors (2048K)
 Metaspace       used 44646K, committed 44928K, reserved 1089536K
  class space    used 5629K, committed 5760K, reserved 1048576K
}
Event: 16.332 GC heap after
{Heap after GC invocations=20 (full 0):
 garbage-first heap   total 56320K, used 33409K [0x0000000082000000, 0x0000000100000000)
  region size 1024K, 1 young (1024K), 1 survivors (1024K)
 Metaspace       used 44646K, committed 44928K, reserved 1089536K
  class space    used 5629K, committed 5760K, reserved 1048576K
}
Event: 16.403 GC heap before
{Heap before GC invocations=20 (full 0):
 garbage-first heap   total 56320K, used 34433K [0x0000000082000000, 0x0000000100000000)
  region size 1024K, 2 young (2048K), 1 survivors (1024K)
 Metaspace       used 44723K, committed 44992K, reserved 1089536K
  class space    used 5632K, committed 5760K, reserved 1048576K
}
Event: 16.407 GC heap after
{Heap after GC invocations=21 (full 0):
 garbage-first heap   total 56320K, used 33675K [0x0000000082000000, 0x0000000100000000)
  region size 1024K, 1 young (1024K), 1 survivors (1024K)
 Metaspace       used 44723K, committed 44992K, reserved 1089536K
  class space    used 5632K, committed 5760K, reserved 1048576K
}
Event: 17.043 GC heap before
{Heap before GC invocations=21 (full 0):
 garbage-first heap   total 56320K, used 42891K [0x0000000082000000, 0x0000000100000000)
  region size 1024K, 11 young (11264K), 1 survivors (1024K)
 Metaspace       used 45738K, committed 46080K, reserved 1089536K
  class space    used 5733K, committed 5888K, reserved 1048576K
}
Event: 17.053 GC heap after
{Heap after GC invocations=22 (full 0):
 garbage-first heap   total 56320K, used 35731K [0x0000000082000000, 0x0000000100000000)
  region size 1024K, 2 young (2048K), 2 survivors (2048K)
 Metaspace       used 45738K, committed 46080K, reserved 1089536K
  class space    used 5733K, committed 5888K, reserved 1048576K
}
Event: 17.356 GC heap before
{Heap before GC invocations=22 (full 0):
 garbage-first heap   total 56320K, used 44947K [0x0000000082000000, 0x0000000100000000)
  region size 1024K, 11 young (11264K), 2 survivors (2048K)
 Metaspace       used 46170K, committed 46464K, reserved 1089536K
  class space    used 5771K, committed 5888K, reserved 1048576K
}
Event: 17.362 GC heap after
{Heap after GC invocations=23 (full 0):
 garbage-first heap   total 56320K, used 36631K [0x0000000082000000, 0x0000000100000000)
  region size 1024K, 1 young (1024K), 1 survivors (1024K)
 Metaspace       used 46170K, committed 46464K, reserved 1089536K
  class space    used 5771K, committed 5888K, reserved 1048576K
}
Event: 17.987 GC heap before
{Heap before GC invocations=23 (full 0):
 garbage-first heap   total 56320K, used 44823K [0x0000000082000000, 0x0000000100000000)
  region size 1024K, 9 young (9216K), 1 survivors (1024K)
 Metaspace       used 47731K, committed 48000K, reserved 1097728K
  class space    used 5934K, committed 6080K, reserved 1048576K
}
Event: 17.991 GC heap after
{Heap after GC invocations=24 (full 0):
 garbage-first heap   total 146432K, used 37532K [0x0000000082000000, 0x0000000100000000)
  region size 1024K, 2 young (2048K), 2 survivors (2048K)
 Metaspace       used 47731K, committed 48000K, reserved 1097728K
  class space    used 5934K, committed 6080K, reserved 1048576K
}
Event: 23.693 GC heap before
{Heap before GC invocations=25 (full 0):
 garbage-first heap   total 126976K, used 102044K [0x0000000082000000, 0x0000000100000000)
  region size 1024K, 66 young (67584K), 2 survivors (2048K)
 Metaspace       used 51216K, committed 51520K, reserved 1097728K
  class space    used 6249K, committed 6400K, reserved 1048576K
}
Event: 23.717 GC heap after
{Heap after GC invocations=26 (full 0):
 garbage-first heap   total 126976K, used 47070K [0x0000000082000000, 0x0000000100000000)
  region size 1024K, 9 young (9216K), 9 survivors (9216K)
 Metaspace       used 51216K, committed 51520K, reserved 1097728K
  class space    used 6249K, committed 6400K, reserved 1048576K
}
Event: 29.566 GC heap before
{Heap before GC invocations=26 (full 0):
 garbage-first heap   total 126976K, used 93150K [0x0000000082000000, 0x0000000100000000)
  region size 1024K, 54 young (55296K), 9 survivors (9216K)
 Metaspace       used 55340K, committed 55680K, reserved 1097728K
  class space    used 6543K, committed 6720K, reserved 1048576K
}
Event: 29.590 GC heap after
{Heap after GC invocations=27 (full 0):
 garbage-first heap   total 126976K, used 52945K [0x0000000082000000, 0x0000000100000000)
  region size 1024K, 6 young (6144K), 6 survivors (6144K)
 Metaspace       used 55340K, committed 55680K, reserved 1097728K
  class space    used 6543K, committed 6720K, reserved 1048576K
}

