# JRE version: Java(TM) SE Runtime Environment (17.0.5+9) (build 17.0.5+9-LTS-191)
# Java VM: Java HotSpot(TM) 64-Bit Server VM (17.0.5+9-LTS-191, mixed mode, sharing, tiered, compressed oops, compressed class ptrs, g1 gc, windows-amd64)
GC Precious Log:
 CPUs: 2 total, 2 available
 Memory: 8061M
 Large Page Support: Disabled
 NUMA Support: Disabled
 Compressed Oops: Enabled (32-bit)
 Heap Region Size: 1M
 Heap Min Capacity: 8M
 Heap Initial Capacity: 126M
 Heap Max Capacity: 2G
 Pre-touch: Disabled
 Parallel Workers: 2
 Concurrent Workers: 1
 Concurrent Refinement Workers: 2
 Periodic GC: Disabled
Heap:
 garbage-first heap   total 343040K, used 270336K [0x0000000080000000, 0x0000000100000000)
  region size 1024K, 90 young (92160K), 2 survivors (2048K)
 Metaspace       used 118244K, committed 119616K, reserved 528384K
  class space    used 15769K, committed 16384K, reserved 421888K
GC Heap History (20 events):
Event: 112.190 GC heap before
{Heap before GC invocations=58 (full 0):
 garbage-first heap   total 265216K, used 218624K [0x0000000080000000, 0x0000000100000000)
  region size 1024K, 43 young (44032K), 7 survivors (7168K)
 Metaspace       used 97980K, committed 99072K, reserved 512000K
  class space    used 13208K, committed 13696K, reserved 421888K
}
Event: 112.222 GC heap after
{Heap after GC invocations=59 (full 0):
 garbage-first heap   total 265216K, used 190976K [0x0000000080000000, 0x0000000100000000)
  region size 1024K, 6 young (6144K), 6 survivors (6144K)
 Metaspace       used 97980K, committed 99072K, reserved 512000K
  class space    used 13208K, committed 13696K, reserved 421888K
}
Event: 113.294 GC heap before
{Heap before GC invocations=59 (full 0):
 garbage-first heap   total 265216K, used 219648K [0x0000000080000000, 0x0000000100000000)
  region size 1024K, 34 young (34816K), 6 survivors (6144K)
 Metaspace       used 100109K, committed 101312K, reserved 512000K
  class space    used 13484K, committed 14016K, reserved 421888K
}
Event: 113.312 GC heap after
{Heap after GC invocations=60 (full 0):
 garbage-first heap   total 265216K, used 195882K [0x0000000080000000, 0x0000000100000000)
  region size 1024K, 4 young (4096K), 4 survivors (4096K)
 Metaspace       used 100109K, committed 101312K, reserved 512000K
  class space    used 13484K, committed 14016K, reserved 421888K
}
Event: 113.993 GC heap before
{Heap before GC invocations=60 (full 0):
 garbage-first heap   total 265216K, used 223530K [0x0000000080000000, 0x0000000100000000)
  region size 1024K, 31 young (31744K), 4 survivors (4096K)
 Metaspace       used 101497K, committed 102720K, reserved 512000K
  class space    used 13662K, committed 14208K, reserved 421888K
}
Event: 114.006 GC heap after
{Heap after GC invocations=61 (full 0):
 garbage-first heap   total 265216K, used 201533K [0x0000000080000000, 0x0000000100000000)
  region size 1024K, 4 young (4096K), 4 survivors (4096K)
 Metaspace       used 101497K, committed 102720K, reserved 512000K
  class space    used 13662K, committed 14208K, reserved 421888K
}
Event: 114.881 GC heap before
{Heap before GC invocations=61 (full 0):
 garbage-first heap   total 265216K, used 225085K [0x0000000080000000, 0x0000000100000000)
  region size 1024K, 27 young (27648K), 4 survivors (4096K)
 Metaspace       used 102834K, committed 104064K, reserved 520192K
  class space    used 13842K, committed 14400K, reserved 421888K
}
Event: 114.895 GC heap after
{Heap after GC invocations=62 (full 0):
 garbage-first heap   total 265216K, used 205824K [0x0000000080000000, 0x0000000100000000)
  region size 1024K, 4 young (4096K), 4 survivors (4096K)
 Metaspace       used 102834K, committed 104064K, reserved 520192K
  class space    used 13842K, committed 14400K, reserved 421888K
}
Event: 115.400 GC heap before
{Heap before GC invocations=62 (full 0):
 garbage-first heap   total 265216K, used 226304K [0x0000000080000000, 0x0000000100000000)
  region size 1024K, 24 young (24576K), 4 survivors (4096K)
 Metaspace       used 104035K, committed 105280K, reserved 520192K
  class space    used 13992K, committed 14528K, reserved 421888K
}
Event: 115.412 GC heap after
{Heap after GC invocations=63 (full 0):
 garbage-first heap   total 265216K, used 207872K [0x0000000080000000, 0x0000000100000000)
  region size 1024K, 2 young (2048K), 2 survivors (2048K)
 Metaspace       used 104035K, committed 105280K, reserved 520192K
  class space    used 13992K, committed 14528K, reserved 421888K
}
Event: 116.521 GC heap before
{Heap before GC invocations=63 (full 0):
 garbage-first heap   total 265216K, used 228352K [0x0000000080000000, 0x0000000100000000)
  region size 1024K, 22 young (22528K), 2 survivors (2048K)
 Metaspace       used 106378K, committed 107584K, reserved 520192K
  class space    used 14241K, committed 14784K, reserved 421888K
}
Event: 116.547 GC heap after
{Heap after GC invocations=64 (full 0):
 garbage-first heap   total 265216K, used 212687K [0x0000000080000000, 0x0000000100000000)
  region size 1024K, 3 young (3072K), 3 survivors (3072K)
 Metaspace       used 106378K, committed 107584K, reserved 520192K
  class space    used 14241K, committed 14784K, reserved 421888K
}
Event: 117.245 GC heap before
{Heap before GC invocations=64 (full 0):
 garbage-first heap   total 265216K, used 228047K [0x0000000080000000, 0x0000000100000000)
  region size 1024K, 18 young (18432K), 3 survivors (3072K)
 Metaspace       used 109197K, committed 110464K, reserved 520192K
  class space    used 14582K, committed 15168K, reserved 421888K
}
Event: 117.259 GC heap after
{Heap after GC invocations=65 (full 0):
 garbage-first heap   total 265216K, used 215573K [0x0000000080000000, 0x0000000100000000)
  region size 1024K, 3 young (3072K), 3 survivors (3072K)
 Metaspace       used 109197K, committed 110464K, reserved 520192K
  class space    used 14582K, committed 15168K, reserved 421888K
}
Event: 118.765 GC heap before
{Heap before GC invocations=66 (full 0):
 garbage-first heap   total 343040K, used 214549K [0x0000000080000000, 0x0000000100000000)
  region size 1024K, 17 young (17408K), 3 survivors (3072K)
 Metaspace       used 112048K, committed 113408K, reserved 520192K
  class space    used 14958K, committed 15552K, reserved 421888K
}
Event: 118.777 GC heap after
{Heap after GC invocations=67 (full 0):
 garbage-first heap   total 343040K, used 202052K [0x0000000080000000, 0x0000000100000000)
  region size 1024K, 2 young (2048K), 2 survivors (2048K)
 Metaspace       used 112048K, committed 113408K, reserved 520192K
  class space    used 14958K, committed 15552K, reserved 421888K
}
Event: 119.236 GC heap before
{Heap before GC invocations=67 (full 0):
 garbage-first heap   total 343040K, used 216388K [0x0000000080000000, 0x0000000100000000)
  region size 1024K, 16 young (16384K), 2 survivors (2048K)
 Metaspace       used 113773K, committed 115072K, reserved 528384K
  class space    used 15238K, committed 15808K, reserved 421888K
}
Event: 119.277 GC heap after
{Heap after GC invocations=68 (full 0):
 garbage-first heap   total 343040K, used 183464K [0x0000000080000000, 0x0000000100000000)
  region size 1024K, 2 young (2048K), 2 survivors (2048K)
 Metaspace       used 113773K, committed 115072K, reserved 528384K
  class space    used 15238K, committed 15808K, reserved 421888K
}
Event: 119.952 GC heap before
{Heap before GC invocations=68 (full 0):
 garbage-first heap   total 343040K, used 197800K [0x0000000080000000, 0x0000000100000000)
  region size 1024K, 16 young (16384K), 2 survivors (2048K)
 Metaspace       used 115171K, committed 116480K, reserved 528384K
  class space    used 15437K, committed 16000K, reserved 421888K
}
Event: 119.972 GC heap after
{Heap after GC invocations=69 (full 0):
 garbage-first heap   total 343040K, used 181248K [0x0000000080000000, 0x0000000100000000)
  region size 1024K, 2 young (2048K), 2 survivors (2048K)
 Metaspace       used 115171K, committed 116480K, reserved 528384K
  class space    used 15437K, committed 16000K, reserved 421888K
}

